#
# A fatal error has been detected by the Java Runtime Environment:
#
#  SIGSEGV (0xb) at pc=0x0000000000000000, pid=11945, tid=140306439689984
#
# JRE version: OpenJDK Runtime Environment (8.0_72-b15) (build 1.8.0_72-b15)
# Java VM: OpenJDK 64-Bit Server VM (25.72-b15 mixed mode linux-amd64 compressed oops)
# Problematic frame:
# C  0x0000000000000000
#
# Failed to write core dump. Core dumps have been disabled. To enable core dumping, try "ulimit -c unlimited" before starting Java again
#
# If you would like to submit a bug report, please visit:
#   http://bugreport.java.com/bugreport/crash.jsp
#

---------------  T H R E A D  ---------------

Current thread (0x00007f9bbc0c2800):  JavaThread "JDWP Transport Listener: dt_socket" daemon [_thread_in_vm, id=11961, stack(0x00007f9ba36f5000,0x00007f9ba37f6000)]

siginfo: si_signo: 11 (SIGSEGV), si_code: 1 (SEGV_MAPERR), si_addr: 0x0000000000000000

Registers:
RAX=0x0000000000000000, RBX=0x00007f9b800047c0, RCX=0x00007f9bc22852e0, RDX=0x00007f9bc0b98180
RSP=0x00007f9ba37f4a08, RBP=0x00007f9ba37f4a20, RSI=0x00007f9bbc0c2800, RDI=0x00007f9b800047c0
R8 =0x00007f9b80004420, R9 =0x00007f9b80004500, R10=0x0000000000000000, R11=0x00007f9bc1802708
R12=0x00007f9b800039c0, R13=0x00007f9ba37f4b07, R14=0x00007f9ba37f4a40, R15=0x00007f9bbc0c2800
RIP=0x0000000000000000, EFLAGS=0x0000000000010283, CSGSFS=0x0000000000000033, ERR=0x0000000000000014
  TRAPNO=0x000000000000000e

Top of Stack: (sp=0x00007f9ba37f4a08)
0x00007f9ba37f4a08:   00007f9bc0fa00e5 00007f9b800039c0
0x00007f9ba37f4a18:   00007f9bbc003530 00007f9ba37f4aa0
0x00007f9ba37f4a28:   00007f9bc0e1bca6 00000000000004b0
0x00007f9ba37f4a38:   00007f9bbc003530 00007f9bbc0c2800
0x00007f9ba37f4a48:   0000000000000000 00007f9b00000000
0x00007f9ba37f4a58:   0000000000000000 00007f9bbc0c2800
0x00007f9ba37f4a68:   769931702cf2c500 00007f9ba37f4b07
0x00007f9ba37f4a78:   00007f9ba37f4b07 00007f9bbbdd18a0
0x00007f9ba37f4a88:   00007f9b800039c0 00007f9b800039c0
0x00007f9ba37f4a98:   00007f9ba37f4b07 00007f9ba37f4ad0
0x00007f9ba37f4aa8:   00007f9bbbbbdc09 00007f9ba37f4ad0
0x00007f9ba37f4ab8:   0000000000000060 000000000000000c
0x00007f9ba37f4ac8:   00007f9ba37f4bd0 00007f9ba37f4b60
0x00007f9ba37f4ad8:   00007f9bbbb9df80 00007f9ba37f4b20
0x00007f9ba37f4ae8:   00007f9ba37f4b28 00000001a37f4b20
0x00007f9ba37f4af8:   00007f9ba37f4b0c 00007f9bbbdd18a0
0x00007f9ba37f4b08:   0000000a0000000d 00007f9b800044c0
0x00007f9ba37f4b18:   0000000000000000 0000000000000000
0x00007f9ba37f4b28:   0000000000000000 000000000000000f
0x00007f9ba37f4b38:   0000000000000002 00007f9ba37f4ba0
0x00007f9ba37f4b48:   000000000000000f 00007f9ba37f4bd0
0x00007f9ba37f4b58:   00007f9bbbdd18a0 00007f9ba37f4d90
0x00007f9ba37f4b68:   00007f9bbbba8908 00007f9bbc0c3928
0x00007f9ba37f4b78:   00007f9b000f0200 000015b100000013
0x00007f9ba37f4b88:   00007f9b800f0200 00007f9b78000fb0
0x00007f9ba37f4b98:   00007f9bbbbb6e03 00007f9b78000fb8
0x00007f9ba37f4ba8:   000000000000000b 000015b100000013
0x00007f9ba37f4bb8:   00007f9b800f0200 00007f9b78000fb0
0x00007f9ba37f4bc8:   00007f9b80003cb0 00007f9b80005879
0x00007f9ba37f4bd8:   00007f9b00000487 00007f9b80004530
0x00007f9ba37f4be8:   00007f9b0000012c 00007f9ba37f4c20
0x00007f9ba37f4bf8:   00007f9b80003b80 00007f0000000000 

Instructions: (pc=0x0000000000000000)
0xffffffffffffffe0:   

Register to memory mapping:

RAX=0x0000000000000000 is an unknown value
RBX=0x00007f9b800047c0 is an unknown value
RCX=0x00007f9bc22852e0: <offset 0x2182e0> in /usr/lib/libpthread.so.0 at 0x00007f9bc206d000
RDX=0x00007f9bc0b98180: <offset 0x432180> in /usr/lib/jvm/java-8-openjdk/jre/lib/amd64/server/libjvm.so at 0x00007f9bc0766000
RSP=0x00007f9ba37f4a08 is pointing into the stack for thread: 0x00007f9bbc0c2800
RBP=0x00007f9ba37f4a20 is pointing into the stack for thread: 0x00007f9bbc0c2800
RSI=0x00007f9bbc0c2800 is a thread
RDI=0x00007f9b800047c0 is an unknown value
R8 =0x00007f9b80004420 is an unknown value
R9 =0x00007f9b80004500 is an unknown value
R10=0x0000000000000000 is an unknown value
R11=0x00007f9bc1802708: <offset 0x160708> in /usr/lib/libc.so.6 at 0x00007f9bc16a2000
R12=0x00007f9b800039c0 is an unknown value
R13=0x00007f9ba37f4b07 is pointing into the stack for thread: 0x00007f9bbc0c2800
R14=0x00007f9ba37f4a40 is pointing into the stack for thread: 0x00007f9bbc0c2800
R15=0x00007f9bbc0c2800 is a thread


Stack: [0x00007f9ba36f5000,0x00007f9ba37f6000],  sp=0x00007f9ba37f4a08,  free space=1022k

---------------  P R O C E S S  ---------------

Java Threads: ( => current thread )
  0x00007f9bbc0d8000 JavaThread "Service Thread" daemon [_thread_blocked, id=11971, stack(0x00007f9ba30ef000,0x00007f9ba31f0000)]
  0x00007f9bbc0cd000 JavaThread "C1 CompilerThread2" daemon [_thread_blocked, id=11970, stack(0x00007f9ba31f0000,0x00007f9ba32f1000)]
  0x00007f9bbc0cb800 JavaThread "C2 CompilerThread1" daemon [_thread_blocked, id=11969, stack(0x00007f9ba32f1000,0x00007f9ba33f2000)]
  0x00007f9bbc0c8800 JavaThread "C2 CompilerThread0" daemon [_thread_blocked, id=11968, stack(0x00007f9ba33f2000,0x00007f9ba34f3000)]
  0x00007f9b80001000 JavaThread "JDWP Command Reader" daemon [_thread_in_native, id=11965, stack(0x00007f9ba34f3000,0x00007f9ba35f4000)]
  0x00007f9bbc0c6000 JavaThread "JDWP Event Helper Thread" daemon [_thread_blocked, id=11964, stack(0x00007f9ba35f4000,0x00007f9ba36f5000)]
=>0x00007f9bbc0c2800 JavaThread "JDWP Transport Listener: dt_socket" daemon [_thread_in_vm, id=11961, stack(0x00007f9ba36f5000,0x00007f9ba37f6000)]
  0x00007f9bbc0b6800 JavaThread "Signal Dispatcher" daemon [_thread_blocked, id=11959, stack(0x00007f9ba39fa000,0x00007f9ba3afb000)]
  0x00007f9bbc084000 JavaThread "Finalizer" daemon [_thread_blocked, id=11958, stack(0x00007f9ba3afb000,0x00007f9ba3bfc000)]
  0x00007f9bbc07f800 JavaThread "Reference Handler" daemon [_thread_blocked, id=11957, stack(0x00007f9ba3bfc000,0x00007f9ba3cfd000)]
  0x00007f9bbc00a800 JavaThread "main" [_thread_blocked, id=11950, stack(0x00007f9bc236a000,0x00007f9bc246b000)]

Other Threads:
  0x00007f9bbc078000 VMThread [stack: 0x00007f9ba3cfd000,0x00007f9ba3dfe000] [id=11956]
  0x00007f9bbc0db000 WatcherThread [stack: 0x00007f9ba2fee000,0x00007f9ba30ef000] [id=11972]

VM state:not at safepoint (normal execution)

VM Mutex/Monitor currently owned by a thread: None

Heap:
 PSYoungGen      total 17920K, used 1228K [0x00000000ec000000, 0x00000000ed400000, 0x0000000100000000)
  eden space 15360K, 8% used [0x00000000ec000000,0x00000000ec1333a0,0x00000000ecf00000)
  from space 2560K, 0% used [0x00000000ed180000,0x00000000ed180000,0x00000000ed400000)
  to   space 2560K, 0% used [0x00000000ecf00000,0x00000000ecf00000,0x00000000ed180000)
 ParOldGen       total 40960K, used 0K [0x00000000c4000000, 0x00000000c6800000, 0x00000000ec000000)
  object space 40960K, 0% used [0x00000000c4000000,0x00000000c4000000,0x00000000c6800000)
 Metaspace       used 2646K, capacity 4566K, committed 4864K, reserved 1056768K
  class space    used 275K, capacity 390K, committed 512K, reserved 1048576K

Card table byte_map: [0x00007f9babd8c000,0x00007f9babf6d000] byte_map_base: 0x00007f9bab76c000

Marking Bits: (ParMarkBitMap*) 0x00007f9bc1687400
 Begin Bits: [0x00007f9ba9a48000, 0x00007f9baa948000)
 End Bits:   [0x00007f9baa948000, 0x00007f9bab848000)

Polling page: 0x00007f9bc24a9000

CodeCache: size=245760Kb used=1093Kb max_used=1093Kb free=244666Kb
 bounds [0x00007f9bac32d000, 0x00007f9bac59d000, 0x00007f9bbb32d000]
 total_blobs=255 nmethods=25 adapters=154
 compilation: enabled

Compilation events (10 events):
Event: 0.147 Thread 0x00007f9bbc0cd000   20       3       sun.misc.FDBigInteger::trimLeadingZeros (57 bytes)
Event: 0.147 Thread 0x00007f9bbc0cd000 nmethod 20 0x00007f9bac43d010 code [0x00007f9bac43d180, 0x00007f9bac43d4b0]
Event: 0.148 Thread 0x00007f9bbc0cd000   22       1       java.nio.Buffer::position (5 bytes)
Event: 0.148 Thread 0x00007f9bbc0cd000 nmethod 22 0x00007f9bac43d610 code [0x00007f9bac43d760, 0x00007f9bac43d870]
Event: 0.149 Thread 0x00007f9bbc0cd000   23       3       java.lang.AbstractStringBuilder::append (50 bytes)
Event: 0.150 Thread 0x00007f9bbc0cd000 nmethod 23 0x00007f9bac43d8d0 code [0x00007f9bac43da80, 0x00007f9bac43df88]
Event: 0.150 Thread 0x00007f9bbc0cd000   24       1       java.nio.Buffer::limit (5 bytes)
Event: 0.150 Thread 0x00007f9bbc0cd000 nmethod 24 0x00007f9bac43e190 code [0x00007f9bac43e2e0, 0x00007f9bac43e3f0]
Event: 0.150 Thread 0x00007f9bbc0cd000   25       3       java.lang.StringBuilder::append (8 bytes)
Event: 0.150 Thread 0x00007f9bbc0cd000 nmethod 25 0x00007f9bac43e450 code [0x00007f9bac43e5c0, 0x00007f9bac43e768]

GC Heap History (0 events):
No events

Deoptimization events (0 events):
No events

Internal exceptions (2 events):
Event: 0.020 Thread 0x00007f9bbc00a800 Exception <a 'java/lang/NoSuchMethodError': Method sun.misc.Unsafe.defineClass(Ljava/lang/String;[BII)Ljava/lang/Class; name or signature does not match> (0x00000000ec007cc0) thrown at [/build/java8-openjdk/src/jdk8u-jdk8u72-b15/hotspot/src/share/vm/prims
Event: 0.020 Thread 0x00007f9bbc00a800 Exception <a 'java/lang/NoSuchMethodError': Method sun.misc.Unsafe.prefetchRead(Ljava/lang/Object;J)V name or signature does not match> (0x00000000ec007fa8) thrown at [/build/java8-openjdk/src/jdk8u-jdk8u72-b15/hotspot/src/share/vm/prims/jni.cpp, line 398

Events (10 events):
Event: 11.609 Executing VM operation: ChangeSingleStep
Event: 11.609 Executing VM operation: ChangeSingleStep done
Event: 11.609 Executing VM operation: GetCurrentLocation
Event: 11.610 Executing VM operation: GetCurrentLocation done
Event: 11.610 Executing VM operation: ChangeSingleStep
Event: 11.610 Executing VM operation: ChangeSingleStep done
Event: 11.610 Executing VM operation: ChangeSingleStep
Event: 11.610 Executing VM operation: ChangeSingleStep done
Event: 89.246 Executing VM operation: RedefineClasses
Event: 89.246 Executing VM operation: RedefineClasses done


Dynamic libraries:
00400000-00401000 r-xp 00000000 08:02 11021573                           /usr/lib/jvm/java-8-openjdk/jre/bin/java
00600000-00601000 rw-p 00000000 08:02 11021573                           /usr/lib/jvm/java-8-openjdk/jre/bin/java
02076000-02097000 rw-p 00000000 00:00 0                                  [heap]
c4000000-c6800000 rw-p 00000000 00:00 0 
c6800000-ec000000 ---p 00000000 00:00 0 
ec000000-ed400000 rw-p 00000000 00:00 0 
ed400000-100000000 ---p 00000000 00:00 0 
100000000-100080000 rw-p 00000000 00:00 0 
100080000-140000000 ---p 00000000 00:00 0 
7f9b5c000000-7f9b5c021000 rw-p 00000000 00:00 0 
7f9b5c021000-7f9b60000000 ---p 00000000 00:00 0 
7f9b64000000-7f9b6403e000 rw-p 00000000 00:00 0 
7f9b6403e000-7f9b68000000 ---p 00000000 00:00 0 
7f9b68000000-7f9b68021000 rw-p 00000000 00:00 0 
7f9b68021000-7f9b6c000000 ---p 00000000 00:00 0 
7f9b6c000000-7f9b6c066000 rw-p 00000000 00:00 0 
7f9b6c066000-7f9b70000000 ---p 00000000 00:00 0 
7f9b70000000-7f9b70021000 rw-p 00000000 00:00 0 
7f9b70021000-7f9b74000000 ---p 00000000 00:00 0 
7f9b74000000-7f9b74021000 rw-p 00000000 00:00 0 
7f9b74021000-7f9b78000000 ---p 00000000 00:00 0 
7f9b78000000-7f9b78021000 rw-p 00000000 00:00 0 
7f9b78021000-7f9b7c000000 ---p 00000000 00:00 0 
7f9b7c000000-7f9b7c021000 rw-p 00000000 00:00 0 
7f9b7c021000-7f9b80000000 ---p 00000000 00:00 0 
7f9b80000000-7f9b80021000 rw-p 00000000 00:00 0 
7f9b80021000-7f9b84000000 ---p 00000000 00:00 0 
7f9b84000000-7f9b84021000 rw-p 00000000 00:00 0 
7f9b84021000-7f9b88000000 ---p 00000000 00:00 0 
7f9b88000000-7f9b88021000 rw-p 00000000 00:00 0 
7f9b88021000-7f9b8c000000 ---p 00000000 00:00 0 
7f9b8c000000-7f9b8c021000 rw-p 00000000 00:00 0 
7f9b8c021000-7f9b90000000 ---p 00000000 00:00 0 
7f9b90000000-7f9b90021000 rw-p 00000000 00:00 0 
7f9b90021000-7f9b94000000 ---p 00000000 00:00 0 
7f9b94000000-7f9b94021000 rw-p 00000000 00:00 0 
7f9b94021000-7f9b98000000 ---p 00000000 00:00 0 
7f9b9c000000-7f9b9c021000 rw-p 00000000 00:00 0 
7f9b9c021000-7f9ba0000000 ---p 00000000 00:00 0 
7f9ba2fee000-7f9ba2fef000 ---p 00000000 00:00 0 
7f9ba2fef000-7f9ba30ef000 rw-p 00000000 00:00 0                          [stack:11972]
7f9ba30ef000-7f9ba30f2000 ---p 00000000 00:00 0 
7f9ba30f2000-7f9ba31f0000 rw-p 00000000 00:00 0                          [stack:11971]
7f9ba31f0000-7f9ba31f3000 ---p 00000000 00:00 0 
7f9ba31f3000-7f9ba32f1000 rw-p 00000000 00:00 0                          [stack:11970]
7f9ba32f1000-7f9ba32f4000 ---p 00000000 00:00 0 
7f9ba32f4000-7f9ba33f2000 rw-p 00000000 00:00 0                          [stack:11969]
7f9ba33f2000-7f9ba33f5000 ---p 00000000 00:00 0 
7f9ba33f5000-7f9ba34f3000 rw-p 00000000 00:00 0                          [stack:11968]
7f9ba34f3000-7f9ba34f6000 ---p 00000000 00:00 0 
7f9ba34f6000-7f9ba35f4000 rw-p 00000000 00:00 0                          [stack:11965]
7f9ba35f4000-7f9ba35f7000 ---p 00000000 00:00 0 
7f9ba35f7000-7f9ba36f5000 rw-p 00000000 00:00 0                          [stack:11964]
7f9ba36f5000-7f9ba36f8000 ---p 00000000 00:00 0 
7f9ba36f8000-7f9ba37f6000 rw-p 00000000 00:00 0                          [stack:11961]
7f9ba37f6000-7f9ba37fa000 r-xp 00000000 08:02 11015032                   /usr/lib/jvm/java-8-openjdk/jre/lib/amd64/libdt_socket.so
7f9ba37fa000-7f9ba39f9000 ---p 00004000 08:02 11015032                   /usr/lib/jvm/java-8-openjdk/jre/lib/amd64/libdt_socket.so
7f9ba39f9000-7f9ba39fa000 rw-p 00003000 08:02 11015032                   /usr/lib/jvm/java-8-openjdk/jre/lib/amd64/libdt_socket.so
7f9ba39fa000-7f9ba39fd000 ---p 00000000 00:00 0 
7f9ba39fd000-7f9ba3afb000 rw-p 00000000 00:00 0                          [stack:11959]
7f9ba3afb000-7f9ba3afe000 ---p 00000000 00:00 0 
7f9ba3afe000-7f9ba3bfc000 rw-p 00000000 00:00 0                          [stack:11958]
7f9ba3bfc000-7f9ba3bff000 ---p 00000000 00:00 0 
7f9ba3bff000-7f9ba3cfd000 rw-p 00000000 00:00 0                          [stack:11957]
7f9ba3cfd000-7f9ba3cfe000 ---p 00000000 00:00 0 
7f9ba3cfe000-7f9ba4000000 rw-p 00000000 00:00 0                          [stack:11956]
7f9ba4000000-7f9ba4021000 rw-p 00000000 00:00 0 
7f9ba4021000-7f9ba8000000 ---p 00000000 00:00 0 
7f9ba8094000-7f9ba8e25000 rw-p 00000000 00:00 0 
7f9ba8e25000-7f9ba8ff2000 r--s 03be5000 08:02 11012867                   /usr/lib/jvm/java-8-openjdk/jre/lib/rt.jar
7f9ba8ff2000-7f9ba94a8000 rw-p 00000000 00:00 0 
7f9ba94a8000-7f9ba9868000 ---p 00000000 00:00 0 
7f9ba9868000-7f9bab848000 rw-p 00000000 00:00 0 
7f9bab848000-7f9bab849000 ---p 00000000 00:00 0 
7f9bab849000-7f9bab949000 rw-p 00000000 00:00 0                          [stack:11955]
7f9bab949000-7f9bab94a000 ---p 00000000 00:00 0 
7f9bab94a000-7f9baba4a000 rw-p 00000000 00:00 0                          [stack:11954]
7f9baba4a000-7f9baba4b000 ---p 00000000 00:00 0 
7f9baba4b000-7f9babb4b000 rw-p 00000000 00:00 0                          [stack:11953]
7f9babb4b000-7f9babb4c000 ---p 00000000 00:00 0 
7f9babb4c000-7f9babc60000 rw-p 00000000 00:00 0                          [stack:11952]
7f9babc60000-7f9babd8c000 ---p 00000000 00:00 0 
7f9babd8c000-7f9babda0000 rw-p 00000000 00:00 0 
7f9babda0000-7f9babecc000 ---p 00000000 00:00 0 
7f9babecc000-7f9babed6000 rw-p 00000000 00:00 0 
7f9babed6000-7f9babf6c000 ---p 00000000 00:00 0 
7f9babf6c000-7f9babf77000 rw-p 00000000 00:00 0 
7f9babf77000-7f9bac32d000 ---p 00000000 00:00 0 
7f9bac32d000-7f9bac59d000 rwxp 00000000 00:00 0 
7f9bac59d000-7f9bbb32d000 ---p 00000000 00:00 0 
7f9bbb32d000-7f9bbb335000 r-xp 00000000 08:02 11012949                   /usr/lib/jvm/java-8-openjdk/jre/lib/amd64/libzip.so
7f9bbb335000-7f9bbb534000 ---p 00008000 08:02 11012949                   /usr/lib/jvm/java-8-openjdk/jre/lib/amd64/libzip.so
7f9bbb534000-7f9bbb535000 rw-p 00007000 08:02 11012949                   /usr/lib/jvm/java-8-openjdk/jre/lib/amd64/libzip.so
7f9bbb535000-7f9bbb540000 r-xp 00000000 08:02 9047231                    /usr/lib/libnss_files-2.22.so
7f9bbb540000-7f9bbb73f000 ---p 0000b000 08:02 9047231                    /usr/lib/libnss_files-2.22.so
7f9bbb73f000-7f9bbb740000 r--p 0000a000 08:02 9047231                    /usr/lib/libnss_files-2.22.so
7f9bbb740000-7f9bbb741000 rw-p 0000b000 08:02 9047231                    /usr/lib/libnss_files-2.22.so
7f9bbb741000-7f9bbb747000 rw-p 00000000 00:00 0 
7f9bbb747000-7f9bbb994000 r--p 00000000 08:02 9081212                    /usr/lib/locale/locale-archive
7f9bbb994000-7f9bbb996000 r-xp 00000000 08:02 11012934                   /usr/lib/jvm/java-8-openjdk/jre/lib/amd64/libnpt.so
7f9bbb996000-7f9bbbb96000 ---p 00002000 08:02 11012934                   /usr/lib/jvm/java-8-openjdk/jre/lib/amd64/libnpt.so
7f9bbbb96000-7f9bbbb97000 rw-p 00002000 08:02 11012934                   /usr/lib/jvm/java-8-openjdk/jre/lib/amd64/libnpt.so
7f9bbbb97000-7f9bbbbd1000 r-xp 00000000 08:02 11015035                   /usr/lib/jvm/java-8-openjdk/jre/lib/amd64/libjdwp.so
7f9bbbbd1000-7f9bbbdd0000 ---p 0003a000 08:02 11015035                   /usr/lib/jvm/java-8-openjdk/jre/lib/amd64/libjdwp.so
7f9bbbdd0000-7f9bbbdd1000 rw-p 00039000 08:02 11015035                   /usr/lib/jvm/java-8-openjdk/jre/lib/amd64/libjdwp.so
7f9bbbdd1000-7f9bbbdd2000 rw-p 00000000 00:00 0 
7f9bbbdd2000-7f9bbbdfe000 r-xp 00000000 08:02 11012950                   /usr/lib/jvm/java-8-openjdk/jre/lib/amd64/libjava.so
7f9bbbdfe000-7f9bbbffe000 ---p 0002c000 08:02 11012950                   /usr/lib/jvm/java-8-openjdk/jre/lib/amd64/libjava.so
7f9bbbffe000-7f9bbc000000 rw-p 0002c000 08:02 11012950                   /usr/lib/jvm/java-8-openjdk/jre/lib/amd64/libjava.so
7f9bbc000000-7f9bbc0f9000 rw-p 00000000 00:00 0 
7f9bbc0f9000-7f9bc0000000 ---p 00000000 00:00 0 
7f9bc0005000-7f9bc0052000 rw-p 00000000 00:00 0 
7f9bc0052000-7f9bc005f000 r-xp 00000000 08:02 11012932                   /usr/lib/jvm/java-8-openjdk/jre/lib/amd64/libverify.so
7f9bc005f000-7f9bc025e000 ---p 0000d000 08:02 11012932                   /usr/lib/jvm/java-8-openjdk/jre/lib/amd64/libverify.so
7f9bc025e000-7f9bc0260000 rw-p 0000c000 08:02 11012932                   /usr/lib/jvm/java-8-openjdk/jre/lib/amd64/libverify.so
7f9bc0260000-7f9bc0267000 r-xp 00000000 08:02 9047239                    /usr/lib/librt-2.22.so
7f9bc0267000-7f9bc0466000 ---p 00007000 08:02 9047239                    /usr/lib/librt-2.22.so
7f9bc0466000-7f9bc0467000 r--p 00006000 08:02 9047239                    /usr/lib/librt-2.22.so
7f9bc0467000-7f9bc0468000 rw-p 00007000 08:02 9047239                    /usr/lib/librt-2.22.so
7f9bc0468000-7f9bc0565000 r-xp 00000000 08:02 9047236                    /usr/lib/libm-2.22.so
7f9bc0565000-7f9bc0764000 ---p 000fd000 08:02 9047236                    /usr/lib/libm-2.22.so
7f9bc0764000-7f9bc0765000 r--p 000fc000 08:02 9047236                    /usr/lib/libm-2.22.so
7f9bc0765000-7f9bc0766000 rw-p 000fd000 08:02 9047236                    /usr/lib/libm-2.22.so
7f9bc0766000-7f9bc13b8000 r-xp 00000000 08:02 11021564                   /usr/lib/jvm/java-8-openjdk/jre/lib/amd64/server/libjvm.so
7f9bc13b8000-7f9bc15b8000 ---p 00c52000 08:02 11021564                   /usr/lib/jvm/java-8-openjdk/jre/lib/amd64/server/libjvm.so
7f9bc15b8000-7f9bc1674000 rw-p 00c52000 08:02 11021564                   /usr/lib/jvm/java-8-openjdk/jre/lib/amd64/server/libjvm.so
7f9bc1674000-7f9bc16a2000 rw-p 00000000 00:00 0 
7f9bc16a2000-7f9bc183d000 r-xp 00000000 08:02 9047182                    /usr/lib/libc-2.22.so
7f9bc183d000-7f9bc1a3c000 ---p 0019b000 08:02 9047182                    /usr/lib/libc-2.22.so
7f9bc1a3c000-7f9bc1a40000 r--p 0019a000 08:02 9047182                    /usr/lib/libc-2.22.so
7f9bc1a40000-7f9bc1a42000 rw-p 0019e000 08:02 9047182                    /usr/lib/libc-2.22.so
7f9bc1a42000-7f9bc1a46000 rw-p 00000000 00:00 0 
7f9bc1a46000-7f9bc1a49000 r-xp 00000000 08:02 9047235                    /usr/lib/libdl-2.22.so
7f9bc1a49000-7f9bc1c48000 ---p 00003000 08:02 9047235                    /usr/lib/libdl-2.22.so
7f9bc1c48000-7f9bc1c49000 r--p 00002000 08:02 9047235                    /usr/lib/libdl-2.22.so
7f9bc1c49000-7f9bc1c4a000 rw-p 00003000 08:02 9047235                    /usr/lib/libdl-2.22.so
7f9bc1c4a000-7f9bc1c57000 r-xp 00000000 08:02 11021561                   /usr/lib/jvm/java-8-openjdk/jre/lib/amd64/jli/libjli.so
7f9bc1c57000-7f9bc1e56000 ---p 0000d000 08:02 11021561                   /usr/lib/jvm/java-8-openjdk/jre/lib/amd64/jli/libjli.so
7f9bc1e56000-7f9bc1e57000 rw-p 0000c000 08:02 11021561                   /usr/lib/jvm/java-8-openjdk/jre/lib/amd64/jli/libjli.so
7f9bc1e57000-7f9bc1e6c000 r-xp 00000000 08:02 9050392                    /usr/lib/libz.so.1.2.8
7f9bc1e6c000-7f9bc206b000 ---p 00015000 08:02 9050392                    /usr/lib/libz.so.1.2.8
7f9bc206b000-7f9bc206c000 r--p 00014000 08:02 9050392                    /usr/lib/libz.so.1.2.8
7f9bc206c000-7f9bc206d000 rw-p 00015000 08:02 9050392                    /usr/lib/libz.so.1.2.8
7f9bc206d000-7f9bc2085000 r-xp 00000000 08:02 9047157                    /usr/lib/libpthread-2.22.so
7f9bc2085000-7f9bc2284000 ---p 00018000 08:02 9047157                    /usr/lib/libpthread-2.22.so
7f9bc2284000-7f9bc2285000 r--p 00017000 08:02 9047157                    /usr/lib/libpthread-2.22.so
7f9bc2285000-7f9bc2286000 rw-p 00018000 08:02 9047157                    /usr/lib/libpthread-2.22.so
7f9bc2286000-7f9bc228a000 rw-p 00000000 00:00 0 
7f9bc228a000-7f9bc22ac000 r-xp 00000000 08:02 9047181                    /usr/lib/ld-2.22.so
7f9bc22c6000-7f9bc236a000 rw-p 00000000 00:00 0 
7f9bc236a000-7f9bc236d000 ---p 00000000 00:00 0 
7f9bc236d000-7f9bc246f000 rw-p 00000000 00:00 0                          [stack:11950]
7f9bc248d000-7f9bc24a0000 rw-p 00000000 00:00 0 
7f9bc24a0000-7f9bc24a8000 rw-s 00000000 00:21 1816507                    /tmp/hsperfdata_ryan/11945
7f9bc24a8000-7f9bc24a9000 rw-p 00000000 00:00 0 
7f9bc24a9000-7f9bc24aa000 r--p 00000000 00:00 0 
7f9bc24aa000-7f9bc24ab000 rw-p 00000000 00:00 0 
7f9bc24ab000-7f9bc24ac000 r--p 00021000 08:02 9047181                    /usr/lib/ld-2.22.so
7f9bc24ac000-7f9bc24ad000 rw-p 00022000 08:02 9047181                    /usr/lib/ld-2.22.so
7f9bc24ad000-7f9bc24ae000 rw-p 00000000 00:00 0 
7ffde987a000-7ffde989b000 rw-p 00000000 00:00 0                          [stack]
7ffde98a2000-7ffde98a4000 r--p 00000000 00:00 0                          [vvar]
7ffde98a4000-7ffde98a6000 r-xp 00000000 00:00 0                          [vdso]
ffffffffff600000-ffffffffff601000 r-xp 00000000 00:00 0                  [vsyscall]

VM Arguments:
jvm_args: -agentlib:jdwp=transport=dt_socket,suspend=y,address=localhost:41607 -Dfile.encoding=UTF-8 
java_command: ecgp2.Main
java_class_path (initial): /home/ryan/ws/ecgp2/bin:/home/ryan/abcl-src/dist/abcl.jar:/home/ryan/robocode/libs/robocode.jar
Launcher Type: SUN_STANDARD

Environment Variables:
PATH=/usr/local/sbin:/usr/local/bin:/usr/bin:/opt/android-sdk/platform-tools:/opt/android-sdk/tools:/usr/lib/jvm/default/bin:/usr/bin/site_perl:/usr/bin/vendor_perl:/usr/bin/core_perl
USERNAME=ryan
SHELL=/bin/bash
DISPLAY=:0

Signal Handlers:
SIGSEGV: [libjvm.so+0xa57b90], sa_mask[0]=11111111011111111101111111111110, sa_flags=SA_RESTART|SA_SIGINFO
SIGBUS: [libjvm.so+0xa57b90], sa_mask[0]=11111111011111111101111111111110, sa_flags=SA_RESTART|SA_SIGINFO
SIGFPE: [libjvm.so+0x8a40d0], sa_mask[0]=11111111011111111101111111111110, sa_flags=SA_RESTART|SA_SIGINFO
SIGPIPE: [libjvm.so+0x8a40d0], sa_mask[0]=11111111011111111101111111111110, sa_flags=SA_RESTART|SA_SIGINFO
SIGXFSZ: [libjvm.so+0x8a40d0], sa_mask[0]=11111111011111111101111111111110, sa_flags=SA_RESTART|SA_SIGINFO
SIGILL: [libjvm.so+0x8a40d0], sa_mask[0]=11111111011111111101111111111110, sa_flags=SA_RESTART|SA_SIGINFO
SIGUSR1: SIG_DFL, sa_mask[0]=00000000000000000000000000000000, sa_flags=none
SIGUSR2: [libjvm.so+0x8a3f80], sa_mask[0]=00100000000000000000000000000000, sa_flags=SA_RESTART|SA_SIGINFO
SIGHUP: [libjvm.so+0x8a4450], sa_mask[0]=11111111011111111101111111111110, sa_flags=SA_RESTART|SA_SIGINFO
SIGINT: [libjvm.so+0x8a4450], sa_mask[0]=11111111011111111101111111111110, sa_flags=SA_RESTART|SA_SIGINFO
SIGTERM: [libjvm.so+0x8a4450], sa_mask[0]=11111111011111111101111111111110, sa_flags=SA_RESTART|SA_SIGINFO
SIGQUIT: [libjvm.so+0x8a4450], sa_mask[0]=11111111011111111101111111111110, sa_flags=SA_RESTART|SA_SIGINFO


---------------  S Y S T E M  ---------------

OS:LSB_VERSION=1.4
DISTRIB_ID=Arch
DISTRIB_RELEASE=rolling
DISTRIB_DESCRIPTION="Arch Linux"

uname:Linux 4.2.5-1-ARCH #1 SMP PREEMPT Tue Oct 27 08:13:28 CET 2015 x86_64
libc:glibc 2.22 NPTL 2.22 
rlimit: STACK 8192k, CORE 0k, NPROC 15071, NOFILE 4096, AS infinity
load average:0.56 0.57 0.77

/proc/meminfo:
MemTotal:        3929148 kB
MemFree:          417812 kB
MemAvailable:    1219708 kB
Buffers:           29792 kB
Cached:           921240 kB
SwapCached:        95276 kB
Active:          2181904 kB
Inactive:        1109352 kB
Active(anon):    1906816 kB
Inactive(anon):   611280 kB
Active(file):     275088 kB
Inactive(file):   498072 kB
Unevictable:         544 kB
Mlocked:             544 kB
SwapTotal:       4194300 kB
SwapFree:        2865644 kB
Dirty:               384 kB
Writeback:             0 kB
AnonPages:       2302564 kB
Mapped:           338784 kB
Shmem:            177872 kB
Slab:              97160 kB
SReclaimable:      58016 kB
SUnreclaim:        39144 kB
KernelStack:       10768 kB
PageTables:        44696 kB
NFS_Unstable:          0 kB
Bounce:                0 kB
WritebackTmp:          0 kB
CommitLimit:     6158872 kB
Committed_AS:    9530100 kB
VmallocTotal:   34359738367 kB
VmallocUsed:      566264 kB
VmallocChunk:   34358423548 kB
HardwareCorrupted:     0 kB
AnonHugePages:    780288 kB
HugePages_Total:       0
HugePages_Free:        0
HugePages_Rsvd:        0
HugePages_Surp:        0
Hugepagesize:       2048 kB
DirectMap4k:      221952 kB
DirectMap2M:     3850240 kB
DirectMap1G:     1048576 kB


CPU:total 4 (2 cores per cpu, 2 threads per core) family 6 model 69 stepping 1, cmov, cx8, fxsr, mmx, sse, sse2, sse3, ssse3, sse4.1, sse4.2, popcnt, avx, avx2, aes, clmul, erms, lzcnt, ht, tsc, tscinvbit, bmi1, bmi2

/proc/cpuinfo:
processor	: 0
vendor_id	: GenuineIntel
cpu family	: 6
model		: 69
model name	: Intel(R) Core(TM) i5-4200U CPU @ 1.60GHz
stepping	: 1
microcode	: 0x17
cpu MHz		: 2300.000
cache size	: 3072 KB
physical id	: 0
siblings	: 4
core id		: 0
cpu cores	: 2
apicid		: 0
initial apicid	: 0
fpu		: yes
fpu_exception	: yes
cpuid level	: 13
wp		: yes
flags		: fpu vme de pse tsc msr pae mce cx8 apic sep mtrr pge mca cmov pat pse36 clflush dts acpi mmx fxsr sse sse2 ss ht tm pbe syscall nx pdpe1gb rdtscp lm constant_tsc arch_perfmon pebs bts rep_good nopl xtopology nonstop_tsc aperfmperf eagerfpu pni pclmulqdq dtes64 monitor ds_cpl vmx est tm2 ssse3 fma cx16 xtpr pdcm pcid sse4_1 sse4_2 movbe popcnt tsc_deadline_timer aes xsave avx f16c rdrand lahf_lm abm ida arat epb pln pts dtherm tpr_shadow vnmi flexpriority ept vpid fsgsbase tsc_adjust bmi1 avx2 smep bmi2 erms invpcid xsaveopt
bugs		:
bogomips	: 4591.57
clflush size	: 64
cache_alignment	: 64
address sizes	: 39 bits physical, 48 bits virtual
power management:

processor	: 1
vendor_id	: GenuineIntel
cpu family	: 6
model		: 69
model name	: Intel(R) Core(TM) i5-4200U CPU @ 1.60GHz
stepping	: 1
microcode	: 0x17
cpu MHz		: 2300.000
cache size	: 3072 KB
physical id	: 0
siblings	: 4
core id		: 0
cpu cores	: 2
apicid		: 1
initial apicid	: 1
fpu		: yes
fpu_exception	: yes
cpuid level	: 13
wp		: yes
flags		: fpu vme de pse tsc msr pae mce cx8 apic sep mtrr pge mca cmov pat pse36 clflush dts acpi mmx fxsr sse sse2 ss ht tm pbe syscall nx pdpe1gb rdtscp lm constant_tsc arch_perfmon pebs bts rep_good nopl xtopology nonstop_tsc aperfmperf eagerfpu pni pclmulqdq dtes64 monitor ds_cpl vmx est tm2 ssse3 fma cx16 xtpr pdcm pcid sse4_1 sse4_2 movbe popcnt tsc_deadline_timer aes xsave avx f16c rdrand lahf_lm abm ida arat epb pln pts dtherm tpr_shadow vnmi flexpriority ept vpid fsgsbase tsc_adjust bmi1 avx2 smep bmi2 erms invpcid xsaveopt
bugs		:
bogomips	: 4591.57
clflush size	: 64
cache_alignment	: 64
address sizes	: 39 bits physical, 48 bits virtual
power management:

processor	: 2
vendor_id	: GenuineIntel
cpu family	: 6
model		: 69
model name	: Intel(R) Core(TM) i5-4200U CPU @ 1.60GHz
stepping	: 1
microcode	: 0x17
cpu MHz		: 2299.910
cache size	: 3072 KB
physical id	: 0
siblings	: 4
core id		: 1
cpu cores	: 2
apicid		: 2
initial apicid	: 2
fpu		: yes
fpu_exception	: yes
cpuid level	: 13
wp		: yes
flags		: fpu vme de pse tsc msr pae mce cx8 apic sep mtrr pge mca cmov pat pse36 clflush dts acpi mmx fxsr sse sse2 ss ht tm pbe syscall nx pdpe1gb rdtscp lm constant_tsc arch_perfmon pebs bts rep_good nopl xtopology nonstop_tsc aperfmperf eagerfpu pni pclmulqdq dtes64 monitor ds_cpl vmx est tm2 ssse3 fma cx16 xtpr pdcm pcid sse4_1 sse4_2 movbe popcnt tsc_deadline_timer aes xsave avx f16c rdrand lahf_lm abm ida arat epb pln pts dtherm tpr_shadow vnmi flexpriority ept vpid fsgsbase tsc_adjust bmi1 avx2 smep bmi2 erms invpcid xsaveopt
bugs		:
bogomips	: 4591.57
clflush size	: 64
cache_alignment	: 64
address sizes	: 39 bits physical, 48 bits virtual
power management:

processor	: 3
vendor_id	: GenuineIntel
cpu family	: 6
model		: 69
model name	: Intel(R) Core(TM) i5-4200U CPU @ 1.60GHz
stepping	: 1
microcode	: 0x17
cpu MHz		: 2300.000
cache size	: 3072 KB
physical id	: 0
siblings	: 4
core id		: 1
cpu cores	: 2
apicid		: 3
initial apicid	: 3
fpu		: yes
fpu_exception	: yes
cpuid level	: 13
wp		: yes
flags		: fpu vme de pse tsc msr pae mce cx8 apic sep mtrr pge mca cmov pat pse36 clflush dts acpi mmx fxsr sse sse2 ss ht tm pbe syscall nx pdpe1gb rdtscp lm constant_tsc arch_perfmon pebs bts rep_good nopl xtopology nonstop_tsc aperfmperf eagerfpu pni pclmulqdq dtes64 monitor ds_cpl vmx est tm2 ssse3 fma cx16 xtpr pdcm pcid sse4_1 sse4_2 movbe popcnt tsc_deadline_timer aes xsave avx f16c rdrand lahf_lm abm ida arat epb pln pts dtherm tpr_shadow vnmi flexpriority ept vpid fsgsbase tsc_adjust bmi1 avx2 smep bmi2 erms invpcid xsaveopt
bugs		:
bogomips	: 4591.57
clflush size	: 64
cache_alignment	: 64
address sizes	: 39 bits physical, 48 bits virtual
power management:



Memory: 4k page, physical 3929148k(417656k free), swap 4194300k(2865644k free)

vm_info: OpenJDK 64-Bit Server VM (25.72-b15) for linux-amd64 JRE (1.8.0_72-b15), built on Jan 20 2016 15:25:17 by "builduser" with gcc 5.3.0

time: Sun Feb 28 13:59:49 2016
elapsed time: 89 seconds (0d 0h 1m 29s)

